<?xml version="1.0" encoding="UTF-8"?>
<!-- Generated by org.testng.reporters.JUnitReportReporter -->
<testsuite hostname="SATYA" failures="0" tests="1" name="testclasses.HomeTest" time="22.621" errors="0" timestamp="2023-09-14T17:57:46 IST" skipped="0">
  <testcase classname="testclasses.HomeTest" name="verifyWindowHandlingFunctionality" time="22.621"/>
</testsuite> <!-- testclasses.HomeTest -->
